Iter	 Iter_time	 Master	 Subprob	 Full_Test	 argmax	Iter_acc	 Master_acc	 Subprob_acc	 Full_Test_acc	 argmax_acc
1	 0.003944	 0.003710	 0.000121	 0.000000	 0.000074	0.003944	 0.003710	 0.000121	 0.000000	 0.000074
2	 0.003785	 0.003564	 0.000114	 0.000000	 0.000062	0.007729	 0.007274	 0.000235	 0.000000	 0.000136
3	 0.003836	 0.003680	 0.000051	 0.000000	 0.000019	0.011565	 0.010954	 0.000286	 0.000000	 0.000155
4	 0.003354	 0.003104	 0.000091	 0.000000	 0.000110	0.014919	 0.014058	 0.000377	 0.000000	 0.000265
5	 0.003541	 0.003347	 0.000102	 0.000000	 0.000040	0.018460	 0.017405	 0.000479	 0.000000	 0.000305
6	 0.003281	 0.002984	 0.000104	 0.000000	 0.000108	0.021741	 0.020389	 0.000583	 0.000000	 0.000413
7	 0.003615	 0.003372	 0.000083	 0.000000	 0.000111	0.025356	 0.023761	 0.000666	 0.000000	 0.000524
8	 0.004005	 0.003795	 0.000104	 0.000000	 0.000044	0.029361	 0.027556	 0.000770	 0.000000	 0.000568
9	 0.002625	 0.002523	 0.000049	 0.000000	 0.000024	0.031986	 0.030079	 0.000819	 0.000000	 0.000592
10	 0.002831	 0.002682	 0.000075	 0.000000	 0.000040	0.034817	 0.032761	 0.000894	 0.000000	 0.000632
11	 0.002839	 0.002729	 0.000047	 0.000000	 0.000024	0.037656	 0.035490	 0.000941	 0.000000	 0.000656
12	 0.003125	 0.003028	 0.000043	 0.000000	 0.000023	0.040781	 0.038518	 0.000984	 0.000000	 0.000679
13	 0.003159	 0.002921	 0.000114	 0.000000	 0.000052	0.043940	 0.041439	 0.001098	 0.000000	 0.000731
14	 0.003848	 0.003725	 0.000050	 0.000000	 0.000024	0.047788	 0.045164	 0.001148	 0.000000	 0.000755
15	 0.002951	 0.002776	 0.000100	 0.000000	 0.000041	0.050739	 0.047940	 0.001248	 0.000000	 0.000796
16	 0.002702	 0.002608	 0.000031	 0.000000	 0.000018	0.053441	 0.050548	 0.001279	 0.000000	 0.000814
17	 0.002747	 0.002643	 0.000037	 0.000000	 0.000024	0.056188	 0.053191	 0.001316	 0.000000	 0.000838
18	 0.002554	 0.002444	 0.000049	 0.000000	 0.000024	0.058742	 0.055635	 0.001365	 0.000000	 0.000862
19	 0.002583	 0.002489	 0.000043	 0.000000	 0.000025	0.061325	 0.058124	 0.001408	 0.000000	 0.000887
20	 0.003121	 0.002952	 0.000090	 0.000000	 0.000039	0.064446	 0.061076	 0.001498	 0.000000	 0.000926
21	 0.003020	 0.002888	 0.000068	 0.000000	 0.000029	0.067466	 0.063964	 0.001566	 0.000000	 0.000955
22	 0.002934	 0.002672	 0.000115	 0.000000	 0.000049	0.070400	 0.066636	 0.001681	 0.000000	 0.001004
23	 0.002749	 0.002645	 0.000049	 0.000000	 0.000026	0.073149	 0.069281	 0.001730	 0.000000	 0.001030
24	 0.002733	 0.002571	 0.000072	 0.000000	 0.000046	0.075882	 0.071852	 0.001802	 0.000000	 0.001076
25	 0.002913	 0.002812	 0.000050	 0.000000	 0.000025	0.078795	 0.074664	 0.001852	 0.000000	 0.001101
26	 0.002649	 0.002512	 0.000060	 0.000000	 0.000043	0.081444	 0.077176	 0.001912	 0.000000	 0.001144
27	 0.002631	 0.002529	 0.000050	 0.000000	 0.000026	0.084075	 0.079705	 0.001962	 0.000000	 0.001170
28	 0.003061	 0.002901	 0.000077	 0.000000	 0.000050	0.087136	 0.082606	 0.002039	 0.000000	 0.001220
29	 0.002783	 0.002690	 0.000045	 0.000000	 0.000021	0.089919	 0.085296	 0.002084	 0.000000	 0.001241
30	 0.002750	 0.002604	 0.000063	 0.000000	 0.000040	0.092669	 0.087900	 0.002147	 0.000000	 0.001281
31	 0.002649	 0.002547	 0.000035	 0.000000	 0.000027	0.095318	 0.090447	 0.002182	 0.000000	 0.001308
32	 0.002666	 0.002549	 0.000051	 0.000000	 0.000027	0.097984	 0.092996	 0.002233	 0.000000	 0.001335
33	 0.002740	 0.002639	 0.000044	 0.000000	 0.000026	0.100724	 0.095635	 0.002277	 0.000000	 0.001361
34	 0.002932	 0.002729	 0.000110	 0.000000	 0.000053	0.103656	 0.098364	 0.002387	 0.000000	 0.001414
35	 0.002745	 0.002638	 0.000053	 0.000000	 0.000025	0.106401	 0.101002	 0.002440	 0.000000	 0.001439
36	 0.002820	 0.002660	 0.000077	 0.000000	 0.000047	0.109221	 0.103662	 0.002517	 0.000000	 0.001486
37	 0.002656	 0.002570	 0.000033	 0.000000	 0.000028	0.111877	 0.106232	 0.002550	 0.000000	 0.001514
38	 0.002692	 0.002536	 0.000078	 0.000000	 0.000046	0.114569	 0.108768	 0.002628	 0.000000	 0.001560
39	 0.002690	 0.002588	 0.000046	 0.000000	 0.000027	0.117259	 0.111356	 0.002674	 0.000000	 0.001587
40	 0.003103	 0.002936	 0.000080	 0.000000	 0.000048	0.120362	 0.114292	 0.002754	 0.000000	 0.001635
41	 0.002942	 0.002781	 0.000091	 0.000000	 0.000031	0.123304	 0.117073	 0.002845	 0.000000	 0.001666
42	 0.002857	 0.002670	 0.000091	 0.000000	 0.000054	0.126161	 0.119743	 0.002936	 0.000000	 0.001720
43	 0.002734	 0.002611	 0.000057	 0.000000	 0.000033	0.128895	 0.122354	 0.002993	 0.000000	 0.001753
44	 0.002993	 0.002827	 0.000074	 0.000000	 0.000055	0.131888	 0.125181	 0.003067	 0.000000	 0.001808
45	 0.002705	 0.002574	 0.000074	 0.000000	 0.000029	0.134593	 0.127755	 0.003141	 0.000000	 0.001837
46	 0.002758	 0.002596	 0.000076	 0.000000	 0.000053	0.137351	 0.130351	 0.003217	 0.000000	 0.001890
47	 0.002695	 0.002594	 0.000047	 0.000000	 0.000025	0.140046	 0.132945	 0.003264	 0.000000	 0.001915
48	 0.002816	 0.002643	 0.000074	 0.000000	 0.000065	0.142862	 0.135588	 0.003338	 0.000000	 0.001980
49	 0.002761	 0.002646	 0.000050	 0.000000	 0.000039	0.145623	 0.138234	 0.003388	 0.000000	 0.002019
50	 0.002843	 0.002667	 0.000078	 0.000000	 0.000063	0.148466	 0.140901	 0.003466	 0.000000	 0.002082
51	 0.002765	 0.002672	 0.000043	 0.000000	 0.000024	0.151231	 0.143573	 0.003509	 0.000000	 0.002106
52	 0.002730	 0.002570	 0.000074	 0.000000	 0.000055	0.153961	 0.146143	 0.003583	 0.000000	 0.002161
53	 0.002745	 0.002640	 0.000047	 0.000000	 0.000029	0.156706	 0.148783	 0.003630	 0.000000	 0.002190
54	 0.002847	 0.002684	 0.000075	 0.000000	 0.000051	0.159553	 0.151467	 0.003705	 0.000000	 0.002241
55	 0.002839	 0.002739	 0.000045	 0.000000	 0.000029	0.162392	 0.154206	 0.003750	 0.000000	 0.002270
56	 0.002596	 0.002449	 0.000061	 0.000000	 0.000053	0.164988	 0.156655	 0.003811	 0.000000	 0.002323
57	 0.002674	 0.002574	 0.000049	 0.000000	 0.000025	0.167662	 0.159229	 0.003860	 0.000000	 0.002348
58	 0.002745	 0.002577	 0.000075	 0.000000	 0.000057	0.170407	 0.161806	 0.003935	 0.000000	 0.002405
59	 0.002796	 0.002700	 0.000043	 0.000000	 0.000026	0.173203	 0.164506	 0.003978	 0.000000	 0.002431
60	 0.003024	 0.002858	 0.000077	 0.000000	 0.000052	0.176227	 0.167364	 0.004055	 0.000000	 0.002483
61	 0.002719	 0.002590	 0.000065	 0.000000	 0.000032	0.178946	 0.169954	 0.004120	 0.000000	 0.002515
62	 0.002723	 0.002553	 0.000081	 0.000000	 0.000054	0.181669	 0.172507	 0.004201	 0.000000	 0.002569
63	 0.002453	 0.002350	 0.000049	 0.000000	 0.000026	0.184122	 0.174857	 0.004250	 0.000000	 0.002595
64	 0.002779	 0.002610	 0.000078	 0.000000	 0.000055	0.186901	 0.177467	 0.004328	 0.000000	 0.002650
65	 0.002576	 0.002468	 0.000049	 0.000000	 0.000031	0.189477	 0.179935	 0.004377	 0.000000	 0.002681
66	 0.002687	 0.002520	 0.000073	 0.000000	 0.000058	0.192164	 0.182455	 0.004450	 0.000000	 0.002739
67	 0.002853	 0.002753	 0.000034	 0.000000	 0.000031	0.195017	 0.185208	 0.004484	 0.000000	 0.002770
68	 0.002754	 0.002581	 0.000082	 0.000000	 0.000058	0.197771	 0.187789	 0.004566	 0.000000	 0.002828
69	 0.002946	 0.002843	 0.000048	 0.000000	 0.000027	0.200717	 0.190632	 0.004614	 0.000000	 0.002855
70	 0.002815	 0.002636	 0.000073	 0.000000	 0.000057	0.203532	 0.193268	 0.004687	 0.000000	 0.002912
71	 0.002647	 0.002557	 0.000032	 0.000000	 0.000031	0.206179	 0.195825	 0.004719	 0.000000	 0.002943
72	 0.002751	 0.002578	 0.000079	 0.000000	 0.000059	0.208930	 0.198403	 0.004798	 0.000000	 0.003002
73	 0.002872	 0.002764	 0.000048	 0.000000	 0.000033	0.211802	 0.201167	 0.004846	 0.000000	 0.003035
74	 0.002697	 0.002526	 0.000076	 0.000000	 0.000058	0.214499	 0.203693	 0.004922	 0.000000	 0.003093
75	 0.003281	 0.003170	 0.000047	 0.000000	 0.000034	0.217780	 0.206863	 0.004969	 0.000000	 0.003127
76	 0.003001	 0.002819	 0.000079	 0.000000	 0.000064	0.220781	 0.209682	 0.005048	 0.000000	 0.003191
77	 0.003444	 0.003270	 0.000077	 0.000000	 0.000039	0.224225	 0.212952	 0.005125	 0.000000	 0.003230
78	 0.002922	 0.002734	 0.000095	 0.000000	 0.000055	0.227147	 0.215686	 0.005220	 0.000000	 0.003285
79	 0.003243	 0.003130	 0.000052	 0.000000	 0.000031	0.230390	 0.218816	 0.005272	 0.000000	 0.003316
80	 0.003033	 0.002853	 0.000070	 0.000000	 0.000069	0.233423	 0.221669	 0.005342	 0.000000	 0.003385
81	 0.002938	 0.002835	 0.000051	 0.000000	 0.000027	0.236361	 0.224504	 0.005393	 0.000000	 0.003412
82	 0.003221	 0.003058	 0.000065	 0.000000	 0.000065	0.239582	 0.227562	 0.005458	 0.000000	 0.003477
83	 0.002874	 0.002761	 0.000048	 0.000000	 0.000036	0.242456	 0.230323	 0.005506	 0.000000	 0.003513
84	 0.003144	 0.002973	 0.000077	 0.000000	 0.000060	0.245600	 0.233296	 0.005583	 0.000000	 0.003573
85	 0.003306	 0.003198	 0.000046	 0.000000	 0.000035	0.248906	 0.236494	 0.005629	 0.000000	 0.003608
86	 0.002698	 0.002528	 0.000072	 0.000000	 0.000062	0.251604	 0.239022	 0.005701	 0.000000	 0.003670
87	 0.002630	 0.002521	 0.000047	 0.000000	 0.000034	0.254234	 0.241543	 0.005748	 0.000000	 0.003704
88	 0.003002	 0.002847	 0.000061	 0.000000	 0.000059	0.257236	 0.244390	 0.005809	 0.000000	 0.003763
89	 0.002791	 0.002670	 0.000056	 0.000000	 0.000032	0.260027	 0.247060	 0.005865	 0.000000	 0.003795
90	 0.002779	 0.002598	 0.000079	 0.000000	 0.000066	0.262806	 0.249658	 0.005944	 0.000000	 0.003861
91	 0.002869	 0.002761	 0.000048	 0.000000	 0.000032	0.265675	 0.252419	 0.005992	 0.000000	 0.003893
92	 0.002770	 0.002597	 0.000073	 0.000000	 0.000065	0.268445	 0.255016	 0.006065	 0.000000	 0.003958
93	 0.002641	 0.002531	 0.000047	 0.000000	 0.000034	0.271086	 0.257547	 0.006112	 0.000000	 0.003992
94	 0.002820	 0.002652	 0.000074	 0.000000	 0.000061	0.273906	 0.260199	 0.006186	 0.000000	 0.004053
95	 0.002702	 0.002597	 0.000048	 0.000000	 0.000030	0.276608	 0.262796	 0.006234	 0.000000	 0.004083
96	 0.002828	 0.002657	 0.000074	 0.000000	 0.000061	0.279436	 0.265453	 0.006308	 0.000000	 0.004144
97	 0.002914	 0.002803	 0.000049	 0.000000	 0.000032	0.282350	 0.268256	 0.006357	 0.000000	 0.004176
98	 0.002995	 0.002815	 0.000061	 0.000000	 0.000062	0.285345	 0.271071	 0.006418	 0.000000	 0.004238
99	 0.002795	 0.002665	 0.000062	 0.000000	 0.000035	0.288140	 0.273736	 0.006480	 0.000000	 0.004273
100	 0.002839	 0.002661	 0.000079	 0.000000	 0.000063	0.290979	 0.276397	 0.006559	 0.000000	 0.004336
101	 0.002777	 0.002664	 0.000049	 0.000000	 0.000036	0.293756	 0.279061	 0.006608	 0.000000	 0.004372
102	 0.002940	 0.002780	 0.000061	 0.000000	 0.000065	0.296696	 0.281841	 0.006669	 0.000000	 0.004437
103	 0.003074	 0.002966	 0.000044	 0.000000	 0.000035	0.299770	 0.284807	 0.006713	 0.000000	 0.004472
104	 0.002728	 0.002540	 0.000085	 0.000000	 0.000068	0.302498	 0.287347	 0.006798	 0.000000	 0.004540
105	 0.002664	 0.002555	 0.000050	 0.000000	 0.000031	0.305162	 0.289902	 0.006848	 0.000000	 0.004571
106	 0.002850	 0.002669	 0.000078	 0.000000	 0.000068	0.308012	 0.292571	 0.006926	 0.000000	 0.004639
107	 0.002712	 0.002604	 0.000048	 0.000000	 0.000032	0.310724	 0.295175	 0.006974	 0.000000	 0.004671
108	 0.002761	 0.002594	 0.000070	 0.000000	 0.000062	0.313485	 0.297769	 0.007044	 0.000000	 0.004733
109	 0.002890	 0.002785	 0.000047	 0.000000	 0.000031	0.316375	 0.300554	 0.007091	 0.000000	 0.004764
110	 0.003018	 0.002836	 0.000079	 0.000000	 0.000069	0.319393	 0.303390	 0.007170	 0.000000	 0.004833
111	 0.002872	 0.002757	 0.000049	 0.000000	 0.000038	0.322265	 0.306147	 0.007219	 0.000000	 0.004871
112	 0.002747	 0.002570	 0.000073	 0.000000	 0.000070	0.325012	 0.308717	 0.007292	 0.000000	 0.004941
113	 0.002860	 0.002750	 0.000049	 0.000000	 0.000033	0.327872	 0.311467	 0.007341	 0.000000	 0.004974
114	 0.002846	 0.002669	 0.000070	 0.000000	 0.000070	0.330718	 0.314136	 0.007411	 0.000000	 0.005044
115	 0.002686	 0.002574	 0.000045	 0.000000	 0.000038	0.333404	 0.316710	 0.007456	 0.000000	 0.005082
116	 0.002856	 0.002689	 0.000062	 0.000000	 0.000070	0.336260	 0.319399	 0.007518	 0.000000	 0.005152
117	 0.002710	 0.002598	 0.000049	 0.000000	 0.000033	0.338970	 0.321997	 0.007567	 0.000000	 0.005185
118	 0.003238	 0.003025	 0.000087	 0.000000	 0.000082	0.342208	 0.325022	 0.007654	 0.000000	 0.005267
119	 0.002801	 0.002686	 0.000041	 0.000000	 0.000041	0.345009	 0.327708	 0.007695	 0.000000	 0.005308
120	 0.002706	 0.002507	 0.000088	 0.000000	 0.000072	0.347715	 0.330215	 0.007783	 0.000000	 0.005380
121	 0.002632	 0.002522	 0.000036	 0.000000	 0.000046	0.350347	 0.332737	 0.007819	 0.000000	 0.005426
122	 0.002752	 0.002551	 0.000084	 0.000000	 0.000080	0.353099	 0.335288	 0.007903	 0.000000	 0.005506
123	 0.002738	 0.002580	 0.000045	 0.000000	 0.000033	0.355837	 0.337868	 0.007948	 0.000000	 0.005539
124	 0.002682	 0.002499	 0.000080	 0.000000	 0.000068	0.358519	 0.340367	 0.008028	 0.000000	 0.005607
125	 0.002652	 0.002558	 0.000032	 0.000000	 0.000032	0.361171	 0.342925	 0.008060	 0.000000	 0.005639
126	 0.002799	 0.002619	 0.000075	 0.000000	 0.000071	0.363970	 0.345544	 0.008135	 0.000000	 0.005710
127	 0.002536	 0.002422	 0.000049	 0.000000	 0.000038	0.366506	 0.347966	 0.008184	 0.000000	 0.005748
128	 0.002722	 0.002563	 0.000060	 0.000000	 0.000067	0.369228	 0.350529	 0.008244	 0.000000	 0.005815
129	 0.002570	 0.002459	 0.000048	 0.000000	 0.000034	0.371798	 0.352988	 0.008292	 0.000000	 0.005849
130	 0.002954	 0.002775	 0.000077	 0.000000	 0.000067	0.374752	 0.355763	 0.008369	 0.000000	 0.005916
131	 0.002663	 0.002548	 0.000048	 0.000000	 0.000038	0.377415	 0.358311	 0.008417	 0.000000	 0.005954
132	 0.002664	 0.002482	 0.000074	 0.000000	 0.000073	0.380079	 0.360793	 0.008491	 0.000000	 0.006027
133	 0.002646	 0.002530	 0.000048	 0.000000	 0.000038	0.382725	 0.363323	 0.008539	 0.000000	 0.006065
134	 0.002669	 0.002494	 0.000072	 0.000000	 0.000070	0.385394	 0.365817	 0.008611	 0.000000	 0.006135
135	 0.002708	 0.002600	 0.000049	 0.000000	 0.000034	0.388102	 0.368417	 0.008660	 0.000000	 0.006169
136	 0.002786	 0.002609	 0.000074	 0.000000	 0.000071	0.390888	 0.371026	 0.008734	 0.000000	 0.006240
137	 0.002784	 0.002675	 0.000048	 0.000000	 0.000034	0.393672	 0.373701	 0.008782	 0.000000	 0.006274
138	 0.002957	 0.002768	 0.000079	 0.000000	 0.000072	0.396629	 0.376469	 0.008861	 0.000000	 0.006346
139	 0.002715	 0.002588	 0.000057	 0.000000	 0.000040	0.399344	 0.379057	 0.008918	 0.000000	 0.006386
140	 0.003048	 0.002863	 0.000074	 0.000000	 0.000074	0.402392	 0.381920	 0.008992	 0.000000	 0.006460
141	 0.002773	 0.002652	 0.000050	 0.000000	 0.000040	0.405165	 0.384572	 0.009042	 0.000000	 0.006500
142	 0.002735	 0.002554	 0.000076	 0.000000	 0.000071	0.407900	 0.387126	 0.009118	 0.000000	 0.006571
143	 0.002609	 0.002498	 0.000050	 0.000000	 0.000035	0.410509	 0.389624	 0.009168	 0.000000	 0.006606
144	 0.002743	 0.002566	 0.000076	 0.000000	 0.000070	0.413252	 0.392190	 0.009244	 0.000000	 0.006676
145	 0.002610	 0.002502	 0.000048	 0.000000	 0.000034	0.415862	 0.394692	 0.009292	 0.000000	 0.006710
146	 0.002985	 0.002805	 0.000073	 0.000000	 0.000073	0.418847	 0.397497	 0.009365	 0.000000	 0.006783
147	 0.002469	 0.002360	 0.000045	 0.000000	 0.000035	0.421316	 0.399857	 0.009410	 0.000000	 0.006818
148	 0.002466	 0.002277	 0.000078	 0.000000	 0.000077	0.423782	 0.402134	 0.009488	 0.000000	 0.006895
149	 0.002632	 0.002519	 0.000048	 0.000000	 0.000036	0.426414	 0.404653	 0.009536	 0.000000	 0.006931
150	 0.002935	 0.002769	 0.000061	 0.000000	 0.000070	0.429349	 0.407422	 0.009597	 0.000000	 0.007001
151	 0.002686	 0.002576	 0.000047	 0.000000	 0.000035	0.432035	 0.409998	 0.009644	 0.000000	 0.007036
152	 0.002771	 0.002584	 0.000076	 0.000000	 0.000077	0.434806	 0.412582	 0.009720	 0.000000	 0.007113
153	 0.002738	 0.002627	 0.000048	 0.000000	 0.000036	0.437544	 0.415209	 0.009768	 0.000000	 0.007149
154	 0.002952	 0.002785	 0.000062	 0.000000	 0.000073	0.440496	 0.417994	 0.009830	 0.000000	 0.007222
155	 0.002646	 0.002531	 0.000045	 0.000000	 0.000041	0.443142	 0.420525	 0.009875	 0.000000	 0.007263
156	 0.002884	 0.002703	 0.000074	 0.000000	 0.000074	0.446026	 0.423228	 0.009949	 0.000000	 0.007337
157	 0.002683	 0.002573	 0.000044	 0.000000	 0.000040	0.448709	 0.425801	 0.009993	 0.000000	 0.007377
158	 0.002863	 0.002671	 0.000077	 0.000000	 0.000079	0.451572	 0.428472	 0.010070	 0.000000	 0.007456
159	 0.002694	 0.002549	 0.000061	 0.000000	 0.000047	0.454266	 0.431021	 0.010131	 0.000000	 0.007503
160	 0.002580	 0.002403	 0.000067	 0.000000	 0.000073	0.456846	 0.433424	 0.010198	 0.000000	 0.007576
161	 0.002809	 0.002640	 0.000080	 0.000000	 0.000056	0.459655	 0.436064	 0.010278	 0.000000	 0.007632
162	 0.002887	 0.002700	 0.000079	 0.000000	 0.000072	0.462542	 0.438764	 0.010357	 0.000000	 0.007704
163	 0.002663	 0.002555	 0.000045	 0.000000	 0.000036	0.465205	 0.441319	 0.010402	 0.000000	 0.007740
164	 0.002892	 0.002709	 0.000075	 0.000000	 0.000075	0.468097	 0.444028	 0.010477	 0.000000	 0.007815
165	 0.002892	 0.002783	 0.000044	 0.000000	 0.000037	0.470989	 0.446811	 0.010521	 0.000000	 0.007852
166	 0.002708	 0.002521	 0.000078	 0.000000	 0.000075	0.473697	 0.449332	 0.010599	 0.000000	 0.007927
167	 0.002825	 0.002719	 0.000044	 0.000000	 0.000036	0.476522	 0.452051	 0.010643	 0.000000	 0.007963
168	 0.002738	 0.002553	 0.000074	 0.000000	 0.000078	0.479260	 0.454604	 0.010717	 0.000000	 0.008041
169	 0.002541	 0.002434	 0.000044	 0.000000	 0.000036	0.481801	 0.457038	 0.010761	 0.000000	 0.008077
170	 0.002735	 0.002538	 0.000070	 0.000000	 0.000073	0.484536	 0.459576	 0.010831	 0.000000	 0.008150
171	 0.002830	 0.002719	 0.000046	 0.000000	 0.000037	0.487366	 0.462295	 0.010877	 0.000000	 0.008187
172	 0.002912	 0.002731	 0.000066	 0.000000	 0.000079	0.490278	 0.465026	 0.010943	 0.000000	 0.008266
173	 0.002708	 0.002599	 0.000045	 0.000000	 0.000037	0.492986	 0.467625	 0.010988	 0.000000	 0.008303
174	 0.002908	 0.002719	 0.000071	 0.000000	 0.000082	0.495894	 0.470344	 0.011059	 0.000000	 0.008385
175	 0.002636	 0.002529	 0.000043	 0.000000	 0.000035	0.498530	 0.472873	 0.011102	 0.000000	 0.008420
176	 0.002675	 0.002502	 0.000064	 0.000000	 0.000075	0.501205	 0.475375	 0.011166	 0.000000	 0.008495
177	 0.002749	 0.002626	 0.000046	 0.000000	 0.000049	0.503954	 0.478001	 0.011212	 0.000000	 0.008544
178	 0.002697	 0.002498	 0.000075	 0.000000	 0.000086	0.506651	 0.480499	 0.011287	 0.000000	 0.008630
179	 0.003146	 0.003002	 0.000054	 0.000000	 0.000055	0.509797	 0.483501	 0.011341	 0.000000	 0.008685
180	 0.003501	 0.003268	 0.000097	 0.000000	 0.000096	0.513298	 0.486769	 0.011438	 0.000000	 0.008781
181	 0.002696	 0.002547	 0.000063	 0.000000	 0.000047	0.515994	 0.489316	 0.011501	 0.000000	 0.008828
182	 0.002898	 0.002708	 0.000073	 0.000000	 0.000079	0.518892	 0.492024	 0.011574	 0.000000	 0.008907
183	 0.003045	 0.002923	 0.000053	 0.000000	 0.000040	0.521937	 0.494947	 0.011627	 0.000000	 0.008947
184	 0.002921	 0.002730	 0.000074	 0.000000	 0.000080	0.524858	 0.497677	 0.011701	 0.000000	 0.009027
185	 0.002697	 0.002586	 0.000044	 0.000000	 0.000038	0.527555	 0.500263	 0.011745	 0.000000	 0.009065
186	 0.002689	 0.002496	 0.000078	 0.000000	 0.000078	0.530244	 0.502759	 0.011823	 0.000000	 0.009143
187	 0.002743	 0.002622	 0.000050	 0.000000	 0.000042	0.532987	 0.505381	 0.011873	 0.000000	 0.009185
188	 0.002534	 0.002346	 0.000073	 0.000000	 0.000078	0.535521	 0.507727	 0.011946	 0.000000	 0.009263
189	 0.002983	 0.002869	 0.000047	 0.000000	 0.000038	0.538504	 0.510596	 0.011993	 0.000000	 0.009301
190	 0.002921	 0.002724	 0.000078	 0.000000	 0.000083	0.541425	 0.513320	 0.012071	 0.000000	 0.009384
191	 0.003024	 0.002896	 0.000053	 0.000000	 0.000042	0.544449	 0.516216	 0.012124	 0.000000	 0.009426
192	 0.002800	 0.002600	 0.000078	 0.000000	 0.000083	0.547249	 0.518816	 0.012202	 0.000000	 0.009509
193	 0.002724	 0.002610	 0.000046	 0.000000	 0.000040	0.549973	 0.521426	 0.012248	 0.000000	 0.009549
194	 0.002702	 0.002515	 0.000064	 0.000000	 0.000085	0.552675	 0.523941	 0.012312	 0.000000	 0.009634
195	 0.002842	 0.002730	 0.000046	 0.000000	 0.000038	0.555517	 0.526671	 0.012358	 0.000000	 0.009672
196	 0.002821	 0.002637	 0.000070	 0.000000	 0.000079	0.558338	 0.529308	 0.012428	 0.000000	 0.009751
197	 0.002679	 0.002560	 0.000046	 0.000000	 0.000044	0.561017	 0.531868	 0.012474	 0.000000	 0.009795
198	 0.002803	 0.002626	 0.000062	 0.000000	 0.000080	0.563820	 0.534494	 0.012536	 0.000000	 0.009875
199	 0.002969	 0.002842	 0.000042	 0.000000	 0.000051	0.566789	 0.537336	 0.012578	 0.000000	 0.009926
200	 0.002758	 0.002541	 0.000091	 0.000000	 0.000087	0.569547	 0.539877	 0.012669	 0.000000	 0.010013
201	 0.002708	 0.002599	 0.000044	 0.000000	 0.000039	0.572255	 0.542476	 0.012713	 0.000000	 0.010052
202	 0.003020	 0.002831	 0.000071	 0.000000	 0.000084	0.575275	 0.545307	 0.012784	 0.000000	 0.010136
203	 0.002870	 0.002760	 0.000042	 0.000000	 0.000040	0.578145	 0.548067	 0.012826	 0.000000	 0.010176
204	 0.003151	 0.002954	 0.000079	 0.000000	 0.000081	0.581296	 0.551021	 0.012905	 0.000000	 0.010257
205	 0.002829	 0.002709	 0.000047	 0.000000	 0.000044	0.584125	 0.553730	 0.012952	 0.000000	 0.010301
206	 0.002765	 0.002571	 0.000076	 0.000000	 0.000083	0.586890	 0.556301	 0.013028	 0.000000	 0.010384
207	 0.002789	 0.002675	 0.000048	 0.000000	 0.000039	0.589679	 0.558976	 0.013076	 0.000000	 0.010423
208	 0.002970	 0.002776	 0.000071	 0.000000	 0.000086	0.592649	 0.561752	 0.013147	 0.000000	 0.010509
209	 0.002837	 0.002712	 0.000055	 0.000000	 0.000042	0.595486	 0.564464	 0.013202	 0.000000	 0.010551
210	 0.002857	 0.002669	 0.000072	 0.000000	 0.000080	0.598343	 0.567133	 0.013274	 0.000000	 0.010631
211	 0.002751	 0.002638	 0.000044	 0.000000	 0.000040	0.601094	 0.569771	 0.013318	 0.000000	 0.010671
212	 0.002977	 0.002790	 0.000072	 0.000000	 0.000081	0.604071	 0.572561	 0.013390	 0.000000	 0.010752
213	 0.002774	 0.002658	 0.000045	 0.000000	 0.000044	0.606845	 0.575219	 0.013435	 0.000000	 0.010796
214	 0.002742	 0.002550	 0.000072	 0.000000	 0.000084	0.609587	 0.577769	 0.013507	 0.000000	 0.010880
215	 0.002459	 0.002346	 0.000046	 0.000000	 0.000040	0.612046	 0.580115	 0.013553	 0.000000	 0.010920
216	 0.002837	 0.002639	 0.000072	 0.000000	 0.000087	0.614883	 0.582754	 0.013625	 0.000000	 0.011007
217	 0.002597	 0.002487	 0.000044	 0.000000	 0.000038	0.617480	 0.585241	 0.013669	 0.000000	 0.011045
218	 0.002807	 0.002624	 0.000060	 0.000000	 0.000087	0.620287	 0.587865	 0.013729	 0.000000	 0.011132
219	 0.002616	 0.002500	 0.000046	 0.000000	 0.000042	0.622903	 0.590365	 0.013775	 0.000000	 0.011174
220	 0.002560	 0.002360	 0.000079	 0.000000	 0.000087	0.625463	 0.592725	 0.013854	 0.000000	 0.011261
221	 0.002565	 0.002445	 0.000050	 0.000000	 0.000041	0.628028	 0.595170	 0.013904	 0.000000	 0.011302
222	 0.002838	 0.002647	 0.000076	 0.000000	 0.000084	0.630866	 0.597817	 0.013980	 0.000000	 0.011386
223	 0.002978	 0.002865	 0.000048	 0.000000	 0.000040	0.633844	 0.600682	 0.014028	 0.000000	 0.011426
224	 0.002796	 0.002596	 0.000076	 0.000000	 0.000088	0.636640	 0.603278	 0.014104	 0.000000	 0.011514
225	 0.002617	 0.002498	 0.000047	 0.000000	 0.000042	0.639257	 0.605776	 0.014151	 0.000000	 0.011556
226	 0.002779	 0.002584	 0.000078	 0.000000	 0.000081	0.642036	 0.608360	 0.014229	 0.000000	 0.011637
227	 0.002843	 0.002719	 0.000047	 0.000000	 0.000046	0.644879	 0.611079	 0.014276	 0.000000	 0.011683
228	 0.002852	 0.002662	 0.000071	 0.000000	 0.000082	0.647731	 0.613741	 0.014347	 0.000000	 0.011765
229	 0.002585	 0.002476	 0.000034	 0.000000	 0.000045	0.650316	 0.616217	 0.014381	 0.000000	 0.011810
230	 0.002821	 0.002614	 0.000082	 0.000000	 0.000088	0.653137	 0.618831	 0.014463	 0.000000	 0.011898
231	 0.002569	 0.002457	 0.000045	 0.000000	 0.000040	0.655706	 0.621288	 0.014508	 0.000000	 0.011938
232	 0.002876	 0.002679	 0.000073	 0.000000	 0.000089	0.658582	 0.623967	 0.014581	 0.000000	 0.012027
233	 0.002684	 0.002562	 0.000049	 0.000000	 0.000044	0.661266	 0.626529	 0.014630	 0.000000	 0.012071
234	 0.002852	 0.002658	 0.000073	 0.000000	 0.000083	0.664118	 0.629187	 0.014703	 0.000000	 0.012154
235	 0.002674	 0.002556	 0.000046	 0.000000	 0.000043	0.666792	 0.631743	 0.014749	 0.000000	 0.012197
236	 0.002821	 0.002640	 0.000060	 0.000000	 0.000086	0.669613	 0.634383	 0.014809	 0.000000	 0.012283
237	 0.002508	 0.002406	 0.000033	 0.000000	 0.000042	0.672121	 0.636789	 0.014842	 0.000000	 0.012325
238	 0.002650	 0.002473	 0.000059	 0.000000	 0.000084	0.674771	 0.639262	 0.014901	 0.000000	 0.012409
239	 0.004883	 0.003222	 0.000046	 0.000000	 0.001577	0.679654	 0.642484	 0.014947	 0.000000	 0.013986
240	 0.003123	 0.002913	 0.000088	 0.000000	 0.000086	0.682777	 0.645397	 0.015035	 0.000000	 0.014072
241	 0.002963	 0.002839	 0.000051	 0.000000	 0.000043	0.685740	 0.648236	 0.015086	 0.000000	 0.014115
242	 0.002578	 0.002343	 0.000081	 0.000000	 0.000089	0.688318	 0.650579	 0.015167	 0.000000	 0.014204
243	 0.002757	 0.002639	 0.000045	 0.000000	 0.000043	0.691075	 0.653218	 0.015212	 0.000000	 0.014247
244	 0.003128	 0.002923	 0.000077	 0.000000	 0.000088	0.694203	 0.656141	 0.015289	 0.000000	 0.014335
245	 0.002830	 0.002701	 0.000052	 0.000000	 0.000046	0.697033	 0.658842	 0.015341	 0.000000	 0.014381
246	 0.003019	 0.002797	 0.000086	 0.000000	 0.000095	0.700052	 0.661639	 0.015427	 0.000000	 0.014476
247	 0.002952	 0.002825	 0.000048	 0.000000	 0.000047	0.703004	 0.664464	 0.015475	 0.000000	 0.014523
248	 0.002955	 0.002765	 0.000061	 0.000000	 0.000090	0.705959	 0.667229	 0.015536	 0.000000	 0.014613
249	 0.002852	 0.002717	 0.000056	 0.000000	 0.000046	0.708811	 0.669946	 0.015592	 0.000000	 0.014659
250	 0.003002	 0.002789	 0.000078	 0.000000	 0.000094	0.711813	 0.672735	 0.015670	 0.000000	 0.014753
251	 0.003072	 0.002947	 0.000054	 0.000000	 0.000042	0.714885	 0.675682	 0.015724	 0.000000	 0.014795
252	 0.003030	 0.002828	 0.000073	 0.000000	 0.000093	0.717915	 0.678510	 0.015797	 0.000000	 0.014888
253	 0.002798	 0.002678	 0.000049	 0.000000	 0.000042	0.720713	 0.681188	 0.015846	 0.000000	 0.014930
254	 0.003091	 0.002882	 0.000064	 0.000000	 0.000105	0.723804	 0.684070	 0.015910	 0.000000	 0.015035
255	 0.002868	 0.002736	 0.000055	 0.000000	 0.000046	0.726672	 0.686806	 0.015965	 0.000000	 0.015081
256	 0.003701	 0.003381	 0.000121	 0.000000	 0.000145	0.730373	 0.690187	 0.016086	 0.000000	 0.015226
257	 0.004465	 0.004263	 0.000072	 0.000000	 0.000085	0.734838	 0.694450	 0.016158	 0.000000	 0.015311
258	 0.003306	 0.003099	 0.000082	 0.000000	 0.000087	0.738144	 0.697549	 0.016240	 0.000000	 0.015398
259	 0.002627	 0.002497	 0.000050	 0.000000	 0.000050	0.740771	 0.700046	 0.016290	 0.000000	 0.015448
260	 0.003052	 0.002848	 0.000073	 0.000000	 0.000097	0.743823	 0.702894	 0.016363	 0.000000	 0.015545
261	 0.002560	 0.002446	 0.000035	 0.000000	 0.000047	0.746383	 0.705340	 0.016398	 0.000000	 0.015592
262	 0.002847	 0.002635	 0.000082	 0.000000	 0.000095	0.749230	 0.707975	 0.016480	 0.000000	 0.015687
263	 0.002743	 0.002618	 0.000045	 0.000000	 0.000049	0.751973	 0.710593	 0.016525	 0.000000	 0.015736
